
=== Fri Oct 21 12:23:35 2022

Packages were changed.
Update Mode: updateDependencies

The following packages were updated:
  com.unity.collab-proxy from version 1.3.9 to 1.15.12
  com.unity.ide.visualstudio from version 2.0.5 to 2.0.14
  com.unity.ide.vscode from version 1.2.3 to 1.2.4
  com.unity.render-pipelines.universal from version 10.2.2 to 10.8.1
  com.unity.test-framework from version 1.1.19 to 1.1.29
  com.unity.textmeshpro from version 3.0.1 to 3.0.6
  com.unity.timeline from version 1.4.4 to 1.4.8

=== Fri Nov 18 22:52:47 2022

Packages were changed.
Update Mode: updateDependencies

The following packages were updated:
  com.unity.collab-proxy from version 1.15.12 to 1.15.17
  com.unity.ide.rider from version 2.0.7 to 3.0.14
  com.unity.ide.visualstudio from version 2.0.14 to 2.0.15
  com.unity.ide.vscode from version 1.2.4 to 1.2.5
  com.unity.render-pipelines.universal from version 10.8.1 to 12.1.7
  com.unity.test-framework from version 1.1.29 to 1.1.31
  com.unity.timeline from version 1.4.8 to 1.6.4
